
2023-06-11,2841
2023-06-13,2841
2023-06-14,2841
2023-06-14,2841
2023-06-16,2841
2023-06-17,2841
2023-06-18,2841
2023-06-23,2841
2023-06-27,2841
2023-07-01,2841
2023-07-06,2841
2023-07-09,2841
2023-07-14,2841
2023-07-15,2841
2023-07-21,2841
2023-07-23,2841
2023-07-27,2841
2023-08-01,2841
2023-08-04,2841
2023-08-05,2841
2023-08-08,2841
2023-09-06,2841
2023-09-08,2841
2023-09-08,2841
2023-09-10,2841
2023-09-14,2841
2023-09-17,2841
2023-09-21,2841
2023-09-24,2841
2023-09-25,2841
2023-09-30,2841
2023-10-02,2841
2023-10-04,2841
2023-10-08,2841
2023-10-12,2841
2023-10-13,2841
2023-10-17,2841
2023-10-18,2841
2023-10-21,2841
2023-10-23,2841
2023-10-27,2841
2023-11-01,2841
2023-11-02,2841
2023-11-03,2841
2023-11-08,2841
2023-11-11,2841
2023-11-13,2841
2023-11-19,2841
2023-11-21,2841
2023-11-24,2841
2023-11-25,2841
2023-11-25,2841
2023-11-25,2841
2023-11-26,2841
2023-11-26,2841
2023-12-01,2841
2023-12-03,2841
2023-12-12,2841
2023-12-16,2841
2023-12-17,2841
2023-12-17,2841
2023-12-25,2841
2023-12-30,2841
2024-01-03,2845
2024-01-06,2845
2024-01-13,2845
2024-01-17,2845
2024-01-21,2845
2024-01-27,2845
2024-01-30,2845
2024-02-06,2845
2024-02-10,2845
2024-02-12,2845
2024-02-15,2845
2024-02-24,2845
2024-02-25,2845
2024-02-28,2845
2024-03-04,2846
2024-03-09,2846
2024-03-15,2846
2024-03-19,2846
2024-03-23,2846
2024-03-28,2846
2024-04-02,2846
2024-04-04,2846
2024-04-09,3157
2024-04-11,3157
2024-04-18,3157
2024-04-22,3157
2024-04-25,3221
2024-05-01,3221
2024-05-03,3221
2024-05-12,3221
2024-05-20,3221
2024-05-27,3221
2024-06-03,3221
2024-06-08,3221
2024-06-14,3221
2024-06-16,3221
2024-06-19,3221
2024-06-21,3221
2024-06-24,3221
2024-06-26,3221
2024-07-01,3221
2024-07-04,3221
2024-07-07,3221
2024-07-11,3221
2024-07-14,3221
2024-07-15,3221
2024-07-20,3221
2024-07-27,3221
2024-07-30,3221
2024-08-02,3221
2024-08-04,3221
2024-08-08,3221
2024-08-11,3221
2024-08-16,3221
2024-08-17,3221
2024-08-20,3221
2024-08-26,3221
2024-08-29,3221
2024-08-30,3221
2024-08-31,3221
2024-09-04,3221
2024-09-06,3221
2024-09-10,3221
2024-09-13,3221
2024-09-16,3221
2024-09-20,3221
2024-09-21,3221
2024-09-22,3221
2024-09-25,3221
2024-09-27,3221
2024-09-27,3221
2024-10-01,3221
2024-10-01,3224
2024-10-01,3224
2024-10-03,3224
2024-10-05,3224
2024-10-07,3217
2024-10-09,3217
2024-10-10,3217
2024-10-11,3217
2024-10-11,3217
2024-10-12,3217
2024-10-13,3217
2024-10-15,3217
2024-10-18,3217
2024-10-23,3217
2024-10-26,3217
2024-10-30,3217
2024-11-02,3217
2024-11-07,3217
2024-11-11,3217
2024-11-14,3217
2024-11-19,3217
2024-11-23,3217
2024-11-24,3217
2024-11-28,3217
2024-12-02,3217
2024-12-04,3217
2024-12-06,3217
2024-12-12,3217
2024-12-15,3217
2024-12-16,3217
2024-12-16,3217
2024-12-18,3217
2024-12-20,3217
2024-12-23,3217
2024-12-26,3217
2024-12-27,3217
2024-12-30,3217
2025-01-04,3217
2025-01-06,3217
2025-01-09,3217
2025-01-15,3217
2025-01-21,3217
2025-01-22,3217
2025-01-25,3217
2025-01-26,3217
2025-01-31,3217
2025-02-04,3217
2025-02-12,3217
2025-02-17,3217
2025-02-20,3217
2025-02-22,3217
2025-03-01,3217
2025-03-07,3217
2025-03-09,3217
2025-03-13,3217
2025-03-17,3217
2025-03-21,3217
2025-03-26,3217
2025-03-28,3217
2025-04-01,3217
2025-04-05,3217
2025-04-09,3217
2025-04-12,3217
2025-04-17,3217
2025-04-22,3217
2025-04-25,3217
2025-04-30,3217
2025-05-04,3217
2025-05-08,3217
2025-05-15,3217
2025-05-18,3217
2025-05-20,3217
2025-05-27,3242
2025-06-02,3242
2025-06-04,3242
2025-06-07,3242
2025-06-12,3242
2025-06-15,3242
2025-06-18,3242
2025-06-19,3242
2025-06-23,3242
2025-06-25,3242
2025-06-30,3242
2025-07-03,3242
2025-07-05,3242
2025-07-08,3242
2025-07-11,3242
2025-07-12,3242
2025-07-13,3242
2025-07-13,3242
2025-07-16,3242
2025-07-16,3239
2025-07-18,3239
2025-07-18,3242
2025-07-23,3242
2025-07-26,3242
2025-07-30,3242
2025-08-01,3242
2025-08-03,3242
2025-08-08,3242
